<?xml version="1.0" encoding="UTF-8"?>
<!-- Generated by org.testng.reporters.JUnitXMLReporter -->
<testsuite ignored="5" hostname="Hero" failures="0" tests="1" name="Default test" time="81.544" errors="0" timestamp="2024-05-09T11:19:05 IST">
  <testcase classname="khanAcademyTest.TestK" name="test5" time="68.197"/>
  <testcase classname="khanAcademyTest.TestK" name="test4" time="0.0">
    <ignored/>
  </testcase> <!-- test4 -->
  <testcase classname="khanAcademyTest.TestK" name="test3" time="0.0">
    <ignored/>
  </testcase> <!-- test3 -->
  <testcase classname="khanAcademyTest.TestK" name="test2" time="0.0">
    <ignored/>
  </testcase> <!-- test2 -->
  <testcase classname="khanAcademyTest.TestK" name="test1" time="0.0">
    <ignored/>
  </testcase> <!-- test1 -->
  <testcase classname="khanAcademyTest.TestK" name="scrollIntoViewTest" time="0.0">
    <ignored/>
  </testcase> <!-- scrollIntoViewTest -->
</testsuite> <!-- Default test -->
