<?xml version="1.0" encoding="UTF-8"?>
<testng-results ignored="5" total="6" passed="1" failed="0" skipped="0">
  <reporter-output>
  </reporter-output>
  <suite started-at="2024-05-09T11:17:44 IST" name="Default suite" finished-at="2024-05-09T11:19:05 IST" duration-ms="81544">
    <groups>
    </groups>
    <test started-at="2024-05-09T11:17:44 IST" name="Default test" finished-at="2024-05-09T11:19:05 IST" duration-ms="81544">
      <class name="khanAcademyTest.TestK">
        <test-method is-config="true" signature="bt()[pri:0, instance:khanAcademyTest.TestK@957e06]" started-at="2024-05-09T11:17:44 IST" name="bt" finished-at="2024-05-09T11:17:57 IST" duration-ms="13280" status="PASS">
          <reporter-output>
          </reporter-output>
        </test-method> <!-- bt -->
        <test-method signature="test5()[pri:0, instance:khanAcademyTest.TestK@957e06]" started-at="2024-05-09T11:17:57 IST" name="test5" finished-at="2024-05-09T11:19:05 IST" duration-ms="68197" status="PASS">
          <reporter-output>
          </reporter-output>
        </test-method> <!-- test5 -->
      </class> <!-- khanAcademyTest.TestK -->
    </test> <!-- Default test -->
  </suite> <!-- Default suite -->
</testng-results>
